[debug] [2023-07-11T13:10:13.816Z] ----------------------------------------------------------------------
[debug] [2023-07-11T13:10:13.817Z] Command:       /opt/homebrew/Cellar/node/20.4.0/bin/node /opt/homebrew/bin/firebase emulators:start --debug --project ludosupreme-2497f
[debug] [2023-07-11T13:10:13.818Z] CLI Version:   12.4.3
[debug] [2023-07-11T13:10:13.818Z] Platform:      darwin
[debug] [2023-07-11T13:10:13.818Z] Node Version:  v20.4.0
[debug] [2023-07-11T13:10:13.818Z] Time:          Tue Jul 11 2023 18:40:13 GMT+0530 (India Standard Time)
[debug] [2023-07-11T13:10:13.818Z] ----------------------------------------------------------------------
[debug] 
[debug] [2023-07-11T13:10:13.868Z] > command requires scopes: ["email","openid","https://www.googleapis.com/auth/cloudplatformprojects.readonly","https://www.googleapis.com/auth/firebase","https://www.googleapis.com/auth/cloud-platform"]
[debug] [2023-07-11T13:10:13.869Z] > authorizing via signed-in user (ashish.work310@gmail.com)
[info] i  emulators: Starting emulators: functions {"metadata":{"emulator":{"name":"hub"},"message":"Starting emulators: functions"}}
[debug] [2023-07-11T13:10:14.218Z] [logging] Logging Emulator only supports listening on one address (127.0.0.1). Not listening on ::1
[debug] [2023-07-11T13:10:14.219Z] assigned listening specs for emulators {"user":{"hub":[{"address":"127.0.0.1","family":"IPv4","port":4400},{"address":"::1","family":"IPv6","port":4400}],"ui":[{"address":"127.0.0.1","family":"IPv4","port":4000},{"address":"::1","family":"IPv6","port":4000}],"logging":[{"address":"127.0.0.1","family":"IPv4","port":4500}]},"metadata":{"message":"assigned listening specs for emulators"}}
[debug] [2023-07-11T13:10:14.223Z] [hub] writing locator at /var/folders/js/gs9cjwcj59d61yg5xjvd_sq40000gn/T/hub-ludosupreme-2497f.json
[debug] [2023-07-11T13:10:14.461Z] [functions] Functions Emulator only supports listening on one address (127.0.0.1). Not listening on ::1
[debug] [2023-07-11T13:10:14.461Z] [eventarc] Eventarc Emulator only supports listening on one address (127.0.0.1). Not listening on ::1
[debug] [2023-07-11T13:10:14.461Z] late-assigned ports for functions and eventarc emulators {"user":{"hub":[{"address":"127.0.0.1","family":"IPv4","port":4400},{"address":"::1","family":"IPv6","port":4400}],"ui":[{"address":"127.0.0.1","family":"IPv4","port":4000},{"address":"::1","family":"IPv6","port":4000}],"logging":[{"address":"127.0.0.1","family":"IPv4","port":4500}],"functions":[{"address":"127.0.0.1","family":"IPv4","port":5001}],"eventarc":[{"address":"127.0.0.1","family":"IPv4","port":9299}]},"metadata":{"message":"late-assigned ports for functions and eventarc emulators"}}
[warn] ⚠  functions: The following emulators are not running, calls to these services from the Functions emulator will affect production: auth, firestore, database, hosting, pubsub, storage {"metadata":{"emulator":{"name":"functions"},"message":"The following emulators are not running, calls to these services from the Functions emulator will affect production: \u001b[1mauth, firestore, database, hosting, pubsub, storage\u001b[22m"}}
[debug] [2023-07-11T13:10:14.463Z] defaultcredentials: writing to file /Users/ashishgupta/.config/firebase/ashish_work310_gmail.com_application_default_credentials.json
[debug] [2023-07-11T13:10:14.464Z] Setting GAC to /Users/ashishgupta/.config/firebase/ashish_work310_gmail.com_application_default_credentials.json {"metadata":{"emulator":{"name":"functions"},"message":"Setting GAC to /Users/ashishgupta/.config/firebase/ashish_work310_gmail.com_application_default_credentials.json"}}
[debug] [2023-07-11T13:10:14.465Z] >>> [apiv2][query] GET https://firebase.googleapis.com/v1beta1/projects/ludosupreme-2497f/adminSdkConfig [none]
[debug] [2023-07-11T13:10:14.960Z] <<< [apiv2][status] GET https://firebase.googleapis.com/v1beta1/projects/ludosupreme-2497f/adminSdkConfig 200
[debug] [2023-07-11T13:10:14.960Z] <<< [apiv2][body] GET https://firebase.googleapis.com/v1beta1/projects/ludosupreme-2497f/adminSdkConfig {"projectId":"ludosupreme-2497f","databaseURL":"https://ludosupreme-2497f-default-rtdb.firebaseio.com","storageBucket":"ludosupreme-2497f.appspot.com"}
[debug] [2023-07-11T13:10:14.982Z] Ignoring unsupported arg: auto_download {"metadata":{"emulator":{"name":"ui"},"message":"Ignoring unsupported arg: auto_download"}}
[debug] [2023-07-11T13:10:14.982Z] Ignoring unsupported arg: port {"metadata":{"emulator":{"name":"ui"},"message":"Ignoring unsupported arg: port"}}
[debug] [2023-07-11T13:10:14.982Z] Starting Emulator UI with command {"binary":"node","args":["/Users/ashishgupta/.cache/firebase/emulators/ui-v1.11.7/server/server.js"],"optionalArgs":[],"joinArgs":false} {"metadata":{"emulator":{"name":"ui"},"message":"Starting Emulator UI with command {\"binary\":\"node\",\"args\":[\"/Users/ashishgupta/.cache/firebase/emulators/ui-v1.11.7/server/server.js\"],\"optionalArgs\":[],\"joinArgs\":false}"}}
[info] i  ui: Emulator UI logging to ui-debug.log {"metadata":{"emulator":{"name":"ui"},"message":"Emulator UI logging to \u001b[1mui-debug.log\u001b[22m"}}
[debug] [2023-07-11T13:10:15.059Z] Web / API server started at 127.0.0.1:4000
 {"metadata":{"emulator":{"name":"ui"},"message":"Web / API server started at 127.0.0.1:4000\n"}}
[debug] [2023-07-11T13:10:15.060Z] Web / API server started at ::1:4000
 {"metadata":{"emulator":{"name":"ui"},"message":"Web / API server started at ::1:4000\n"}}
[info] i  functions: Watching "/Users/ashishgupta/Documents/workspace/react/react-native/firebase-func-ludo-supreme/functions" for Cloud Functions... {"metadata":{"emulator":{"name":"functions"},"message":"Watching \"/Users/ashishgupta/Documents/workspace/react/react-native/firebase-func-ludo-supreme/functions\" for Cloud Functions..."}}
[debug] [2023-07-11T13:10:15.245Z] Validating nodejs source
[debug] [2023-07-11T13:10:15.588Z] > [functions] package.json contents: {
  "name": "functions",
  "description": "Cloud Functions for Firebase",
  "scripts": {
    "lint": "eslint .",
    "serve": "firebase emulators:start --only functions",
    "shell": "firebase functions:shell",
    "start": "npm run shell",
    "deploy": "firebase deploy --only functions",
    "logs": "firebase functions:log"
  },
  "engines": {
    "node": "18"
  },
  "main": "index.js",
  "dependencies": {
    "firebase": "^10.0.0",
    "firebase-admin": "^11.8.0",
    "firebase-functions": "^4.3.1"
  },
  "devDependencies": {
    "eslint": "^8.15.0",
    "eslint-config-google": "^0.14.0",
    "firebase-functions-test": "^3.1.0"
  },
  "private": true
}
[debug] [2023-07-11T13:10:15.588Z] Building nodejs source
[debug] [2023-07-11T13:10:15.588Z] Failed to find version of module node: reached end of search path /Users/ashishgupta/Documents/workspace/react/react-native/firebase-func-ludo-supreme/functions/node_modules
[warn] ⚠  functions: Your requested "node" version "18" doesn't match your global version "20". Using node@20 from host. 
[debug] [2023-07-11T13:10:15.589Z] Could not find functions.yaml. Must use http discovery
[debug] [2023-07-11T13:10:15.592Z] Found firebase-functions binary at '/Users/ashishgupta/Documents/workspace/react/react-native/firebase-func-ludo-supreme/functions/node_modules/.bin/firebase-functions'
[info] Serving at port 8261

[debug] [2023-07-11T13:10:16.289Z] Got response code 400; body Failed to generate manifest from function source: Error [ERR_PACKAGE_PATH_NOT_EXPORTED]: No "exports" main defined in /Users/ashishgupta/Documents/workspace/react/react-native/firebase-func-ludo-supreme/functions/node_modules/firebase/package.json
[info] shutdown requested via /__/quitquitquit

[error] ⬢  functions: Failed to load function definition from source: FirebaseError: Functions codebase could not be analyzed successfully. It may have a syntax or runtime error {"metadata":{"emulator":{"name":"functions"},"message":"Failed to load function definition from source: FirebaseError: Functions codebase could not be analyzed successfully. It may have a syntax or runtime error"}}
[info] 
┌─────────────────────────────────────────────────────────────┐
│ ✔  All emulators ready! It is now safe to connect your app. │
│ i  View Emulator UI at http://127.0.0.1:4000/               │
└─────────────────────────────────────────────────────────────┘

┌───────────┬────────────────┬─────────────────────────────────┐
│ Emulator  │ Host:Port      │ View in Emulator UI             │
├───────────┼────────────────┼─────────────────────────────────┤
│ Functions │ 127.0.0.1:5001 │ http://127.0.0.1:4000/functions │
└───────────┴────────────────┴─────────────────────────────────┘
  Emulator Hub running at 127.0.0.1:4400
  Other reserved ports: 4500

Issues? Report them at https://github.com/firebase/firebase-tools/issues and attach the *-debug.log files.
 
[debug] [2023-07-11T13:10:55.031Z] Received signal SIGINT (Ctrl-C) 1
[info]  
[info] i  emulators: Received SIGINT (Ctrl-C) for the first time. Starting a clean shutdown. 
[info] i  emulators: Please wait for a clean shutdown or send the SIGINT (Ctrl-C) signal again to stop right now. 
[info] i  emulators: Shutting down emulators. {"metadata":{"emulator":{"name":"hub"},"message":"Shutting down emulators."}}
[info] i  ui: Stopping Emulator UI {"metadata":{"emulator":{"name":"ui"},"message":"Stopping Emulator UI"}}
[warn] ⚠  Emulator UI has exited upon receiving signal: SIGINT 
[info] i  functions: Stopping Functions Emulator {"metadata":{"emulator":{"name":"functions"},"message":"Stopping Functions Emulator"}}
[info] i  eventarc: Stopping Eventarc Emulator {"metadata":{"emulator":{"name":"eventarc"},"message":"Stopping Eventarc Emulator"}}
[info] i  hub: Stopping emulator hub {"metadata":{"emulator":{"name":"hub"},"message":"Stopping emulator hub"}}
[info] i  logging: Stopping Logging Emulator {"metadata":{"emulator":{"name":"logging"},"message":"Stopping Logging Emulator"}}
[debug] [2023-07-11T13:11:57.955Z] ----------------------------------------------------------------------
[debug] [2023-07-11T13:11:57.956Z] Command:       /opt/homebrew/Cellar/node/20.4.0/bin/node /opt/homebrew/bin/firebase emulators:start --debug --project ludosupreme-2497f
[debug] [2023-07-11T13:11:57.957Z] CLI Version:   12.4.3
[debug] [2023-07-11T13:11:57.957Z] Platform:      darwin
[debug] [2023-07-11T13:11:57.957Z] Node Version:  v20.4.0
[debug] [2023-07-11T13:11:57.957Z] Time:          Tue Jul 11 2023 18:41:57 GMT+0530 (India Standard Time)
[debug] [2023-07-11T13:11:57.957Z] ----------------------------------------------------------------------
[debug] 
[debug] [2023-07-11T13:11:58.007Z] > command requires scopes: ["email","openid","https://www.googleapis.com/auth/cloudplatformprojects.readonly","https://www.googleapis.com/auth/firebase","https://www.googleapis.com/auth/cloud-platform"]
[debug] [2023-07-11T13:11:58.007Z] > authorizing via signed-in user (ashish.work310@gmail.com)
[info] i  emulators: Starting emulators: functions {"metadata":{"emulator":{"name":"hub"},"message":"Starting emulators: functions"}}
[debug] [2023-07-11T13:11:58.362Z] [logging] Logging Emulator only supports listening on one address (127.0.0.1). Not listening on ::1
[debug] [2023-07-11T13:11:58.362Z] assigned listening specs for emulators {"user":{"hub":[{"address":"127.0.0.1","family":"IPv4","port":4400},{"address":"::1","family":"IPv6","port":4400}],"ui":[{"address":"127.0.0.1","family":"IPv4","port":4000},{"address":"::1","family":"IPv6","port":4000}],"logging":[{"address":"127.0.0.1","family":"IPv4","port":4500}]},"metadata":{"message":"assigned listening specs for emulators"}}
[debug] [2023-07-11T13:11:58.366Z] [hub] writing locator at /var/folders/js/gs9cjwcj59d61yg5xjvd_sq40000gn/T/hub-ludosupreme-2497f.json
[debug] [2023-07-11T13:11:58.620Z] [functions] Functions Emulator only supports listening on one address (127.0.0.1). Not listening on ::1
[debug] [2023-07-11T13:11:58.620Z] [eventarc] Eventarc Emulator only supports listening on one address (127.0.0.1). Not listening on ::1
[debug] [2023-07-11T13:11:58.620Z] late-assigned ports for functions and eventarc emulators {"user":{"hub":[{"address":"127.0.0.1","family":"IPv4","port":4400},{"address":"::1","family":"IPv6","port":4400}],"ui":[{"address":"127.0.0.1","family":"IPv4","port":4000},{"address":"::1","family":"IPv6","port":4000}],"logging":[{"address":"127.0.0.1","family":"IPv4","port":4500}],"functions":[{"address":"127.0.0.1","family":"IPv4","port":5001}],"eventarc":[{"address":"127.0.0.1","family":"IPv4","port":9299}]},"metadata":{"message":"late-assigned ports for functions and eventarc emulators"}}
[warn] ⚠  functions: The following emulators are not running, calls to these services from the Functions emulator will affect production: auth, firestore, database, hosting, pubsub, storage {"metadata":{"emulator":{"name":"functions"},"message":"The following emulators are not running, calls to these services from the Functions emulator will affect production: \u001b[1mauth, firestore, database, hosting, pubsub, storage\u001b[22m"}}
[debug] [2023-07-11T13:11:58.622Z] defaultcredentials: writing to file /Users/ashishgupta/.config/firebase/ashish_work310_gmail.com_application_default_credentials.json
[debug] [2023-07-11T13:11:58.623Z] Setting GAC to /Users/ashishgupta/.config/firebase/ashish_work310_gmail.com_application_default_credentials.json {"metadata":{"emulator":{"name":"functions"},"message":"Setting GAC to /Users/ashishgupta/.config/firebase/ashish_work310_gmail.com_application_default_credentials.json"}}
[debug] [2023-07-11T13:11:58.624Z] >>> [apiv2][query] GET https://firebase.googleapis.com/v1beta1/projects/ludosupreme-2497f/adminSdkConfig [none]
[debug] [2023-07-11T13:11:59.138Z] <<< [apiv2][status] GET https://firebase.googleapis.com/v1beta1/projects/ludosupreme-2497f/adminSdkConfig 200
[debug] [2023-07-11T13:11:59.139Z] <<< [apiv2][body] GET https://firebase.googleapis.com/v1beta1/projects/ludosupreme-2497f/adminSdkConfig {"projectId":"ludosupreme-2497f","databaseURL":"https://ludosupreme-2497f-default-rtdb.firebaseio.com","storageBucket":"ludosupreme-2497f.appspot.com"}
[debug] [2023-07-11T13:11:59.158Z] Ignoring unsupported arg: auto_download {"metadata":{"emulator":{"name":"ui"},"message":"Ignoring unsupported arg: auto_download"}}
[debug] [2023-07-11T13:11:59.158Z] Ignoring unsupported arg: port {"metadata":{"emulator":{"name":"ui"},"message":"Ignoring unsupported arg: port"}}
[debug] [2023-07-11T13:11:59.159Z] Starting Emulator UI with command {"binary":"node","args":["/Users/ashishgupta/.cache/firebase/emulators/ui-v1.11.7/server/server.js"],"optionalArgs":[],"joinArgs":false} {"metadata":{"emulator":{"name":"ui"},"message":"Starting Emulator UI with command {\"binary\":\"node\",\"args\":[\"/Users/ashishgupta/.cache/firebase/emulators/ui-v1.11.7/server/server.js\"],\"optionalArgs\":[],\"joinArgs\":false}"}}
[info] i  ui: Emulator UI logging to ui-debug.log {"metadata":{"emulator":{"name":"ui"},"message":"Emulator UI logging to \u001b[1mui-debug.log\u001b[22m"}}
[debug] [2023-07-11T13:11:59.232Z] Web / API server started at 127.0.0.1:4000
 {"metadata":{"emulator":{"name":"ui"},"message":"Web / API server started at 127.0.0.1:4000\n"}}
[debug] [2023-07-11T13:11:59.232Z] Web / API server started at ::1:4000
 {"metadata":{"emulator":{"name":"ui"},"message":"Web / API server started at ::1:4000\n"}}
[info] i  functions: Watching "/Users/ashishgupta/Documents/workspace/react/react-native/firebase-func-ludo-supreme/functions" for Cloud Functions... {"metadata":{"emulator":{"name":"functions"},"message":"Watching \"/Users/ashishgupta/Documents/workspace/react/react-native/firebase-func-ludo-supreme/functions\" for Cloud Functions..."}}
[debug] [2023-07-11T13:11:59.420Z] Validating nodejs source
[debug] [2023-07-11T13:11:59.700Z] > [functions] package.json contents: {
  "name": "functions",
  "description": "Cloud Functions for Firebase",
  "scripts": {
    "lint": "eslint .",
    "serve": "firebase emulators:start --only functions",
    "shell": "firebase functions:shell",
    "start": "npm run shell",
    "deploy": "firebase deploy --only functions",
    "logs": "firebase functions:log"
  },
  "engines": {
    "node": "18"
  },
  "main": "index.js",
  "dependencies": {
    "firebase": "^10.0.0",
    "firebase-admin": "^11.8.0",
    "firebase-functions": "^4.3.1"
  },
  "devDependencies": {
    "eslint": "^8.15.0",
    "eslint-config-google": "^0.14.0",
    "firebase-functions-test": "^3.1.0"
  },
  "private": true
}
[debug] [2023-07-11T13:11:59.700Z] Building nodejs source
[debug] [2023-07-11T13:11:59.700Z] Failed to find version of module node: reached end of search path /Users/ashishgupta/Documents/workspace/react/react-native/firebase-func-ludo-supreme/functions/node_modules
[warn] ⚠  functions: Your requested "node" version "18" doesn't match your global version "20". Using node@20 from host. 
[debug] [2023-07-11T13:11:59.701Z] Could not find functions.yaml. Must use http discovery
[debug] [2023-07-11T13:11:59.704Z] Found firebase-functions binary at '/Users/ashishgupta/Documents/workspace/react/react-native/firebase-func-ludo-supreme/functions/node_modules/.bin/firebase-functions'
[info] Serving at port 8222

[debug] [2023-07-11T13:11:59.865Z] Got response code 400; body Failed to generate manifest from function source: Error [ERR_PACKAGE_PATH_NOT_EXPORTED]: No "exports" main defined in /Users/ashishgupta/Documents/workspace/react/react-native/firebase-func-ludo-supreme/functions/node_modules/firebase/package.json
[info] shutdown requested via /__/quitquitquit

[error] ⬢  functions: Failed to load function definition from source: FirebaseError: Functions codebase could not be analyzed successfully. It may have a syntax or runtime error {"metadata":{"emulator":{"name":"functions"},"message":"Failed to load function definition from source: FirebaseError: Functions codebase could not be analyzed successfully. It may have a syntax or runtime error"}}
[info] 
┌─────────────────────────────────────────────────────────────┐
│ ✔  All emulators ready! It is now safe to connect your app. │
│ i  View Emulator UI at http://127.0.0.1:4000/               │
└─────────────────────────────────────────────────────────────┘

┌───────────┬────────────────┬─────────────────────────────────┐
│ Emulator  │ Host:Port      │ View in Emulator UI             │
├───────────┼────────────────┼─────────────────────────────────┤
│ Functions │ 127.0.0.1:5001 │ http://127.0.0.1:4000/functions │
└───────────┴────────────────┴─────────────────────────────────┘
  Emulator Hub running at 127.0.0.1:4400
  Other reserved ports: 4500

Issues? Report them at https://github.com/firebase/firebase-tools/issues and attach the *-debug.log files.
 
[debug] [2023-07-11T13:13:30.794Z] File /Users/ashishgupta/Documents/workspace/react/react-native/firebase-func-ludo-supreme/functions/index.js changed, reloading triggers {"metadata":{"emulator":{"name":"functions"},"message":"File /Users/ashishgupta/Documents/workspace/react/react-native/firebase-func-ludo-supreme/functions/index.js changed, reloading triggers"}}
[debug] [2023-07-11T13:13:31.798Z] Validating nodejs source
[debug] [2023-07-11T13:13:32.111Z] > [functions] package.json contents: {
  "name": "functions",
  "description": "Cloud Functions for Firebase",
  "scripts": {
    "lint": "eslint .",
    "serve": "firebase emulators:start --only functions",
    "shell": "firebase functions:shell",
    "start": "npm run shell",
    "deploy": "firebase deploy --only functions",
    "logs": "firebase functions:log"
  },
  "engines": {
    "node": "18"
  },
  "main": "index.js",
  "dependencies": {
    "firebase": "^10.0.0",
    "firebase-admin": "^11.8.0",
    "firebase-functions": "^4.3.1"
  },
  "devDependencies": {
    "eslint": "^8.15.0",
    "eslint-config-google": "^0.14.0",
    "firebase-functions-test": "^3.1.0"
  },
  "private": true
}
[debug] [2023-07-11T13:13:32.111Z] Building nodejs source
[debug] [2023-07-11T13:13:32.111Z] Failed to find version of module node: reached end of search path /Users/ashishgupta/Documents/workspace/react/react-native/firebase-func-ludo-supreme/functions/node_modules
[warn] ⚠  functions: Your requested "node" version "18" doesn't match your global version "20". Using node@20 from host. 
[debug] [2023-07-11T13:13:32.112Z] Could not find functions.yaml. Must use http discovery
[debug] [2023-07-11T13:13:32.112Z] Found firebase-functions binary at '/Users/ashishgupta/Documents/workspace/react/react-native/firebase-func-ludo-supreme/functions/node_modules/.bin/firebase-functions'
[info] Serving at port 8165

[debug] [2023-07-11T13:13:32.281Z] Got response from /__/functions.yaml {"endpoints":{"createWaitingRoom":{"platform":"gcfv1","availableMemoryMb":null,"timeoutSeconds":null,"minInstances":null,"maxInstances":null,"ingressSettings":null,"serviceAccountEmail":null,"vpc":null,"eventTrigger":{"eventType":"providers/google.firebase.database/eventTypes/ref.write","eventFilters":{"resource":"projects/_/instances/ludosupreme-2497f-default-rtdb/refs/loggedInUsers"},"retry":false},"labels":{},"entryPoint":"createWaitingRoom"}},"specVersion":"v1alpha1","requiredAPIs":[]}
[info] shutdown requested via /__/quitquitquit

[info] ✔  functions: Loaded functions definitions from source: createWaitingRoom. {"metadata":{"emulator":{"name":"functions"},"message":"Loaded functions definitions from source: createWaitingRoom."}}
[info] i  functions[us-central1-createWaitingRoom]: function ignored because the database emulator does not exist or is not running. {"metadata":{"emulator":{"name":"functions"},"message":"function ignored because the database emulator does not exist or is not running."}}
[debug] [2023-07-11T13:13:42.349Z] File /Users/ashishgupta/Documents/workspace/react/react-native/firebase-func-ludo-supreme/functions/package.json changed, reloading triggers {"metadata":{"emulator":{"name":"functions"},"message":"File /Users/ashishgupta/Documents/workspace/react/react-native/firebase-func-ludo-supreme/functions/package.json changed, reloading triggers"}}
[debug] [2023-07-11T13:13:43.352Z] Validating nodejs source
[debug] [2023-07-11T13:13:43.699Z] > [functions] package.json contents: {
  "name": "functions",
  "description": "Cloud Functions for Firebase",
  "scripts": {
    "lint": "eslint .",
    "serve": "firebase emulators:start --only functions",
    "shell": "firebase functions:shell",
    "start": "npm run shell",
    "deploy": "firebase deploy --only functions",
    "logs": "firebase functions:log"
  },
  "engines": {
    "node": "18"
  },
  "main": "index.js",
  "dependencies": {
    "firebase-admin": "^11.8.0",
    "firebase-functions": "^4.3.1"
  },
  "devDependencies": {
    "eslint": "^8.15.0",
    "eslint-config-google": "^0.14.0",
    "firebase-functions-test": "^3.1.0"
  },
  "private": true
}
[debug] [2023-07-11T13:13:43.699Z] Building nodejs source
[debug] [2023-07-11T13:13:43.699Z] Failed to find version of module node: reached end of search path /Users/ashishgupta/Documents/workspace/react/react-native/firebase-func-ludo-supreme/functions/node_modules
[warn] ⚠  functions: Your requested "node" version "18" doesn't match your global version "20". Using node@20 from host. 
[debug] [2023-07-11T13:13:43.700Z] Could not find functions.yaml. Must use http discovery
[debug] [2023-07-11T13:13:43.700Z] Found firebase-functions binary at '/Users/ashishgupta/Documents/workspace/react/react-native/firebase-func-ludo-supreme/functions/node_modules/.bin/firebase-functions'
[info] Serving at port 8611

[debug] [2023-07-11T13:13:43.871Z] Got response from /__/functions.yaml {"endpoints":{"createWaitingRoom":{"platform":"gcfv1","availableMemoryMb":null,"timeoutSeconds":null,"minInstances":null,"maxInstances":null,"ingressSettings":null,"serviceAccountEmail":null,"vpc":null,"eventTrigger":{"eventType":"providers/google.firebase.database/eventTypes/ref.write","eventFilters":{"resource":"projects/_/instances/ludosupreme-2497f-default-rtdb/refs/loggedInUsers"},"retry":false},"labels":{},"entryPoint":"createWaitingRoom"}},"specVersion":"v1alpha1","requiredAPIs":[]}
[info] shutdown requested via /__/quitquitquit

[info] ✔  functions: Loaded functions definitions from source: createWaitingRoom. {"metadata":{"emulator":{"name":"functions"},"message":"Loaded functions definitions from source: createWaitingRoom."}}
[debug] [2023-07-11T13:13:59.705Z] Received signal SIGINT (Ctrl-C) 1
[info]  
[info] i  emulators: Received SIGINT (Ctrl-C) for the first time. Starting a clean shutdown. 
[info] i  emulators: Please wait for a clean shutdown or send the SIGINT (Ctrl-C) signal again to stop right now. 
[info] i  emulators: Shutting down emulators. {"metadata":{"emulator":{"name":"hub"},"message":"Shutting down emulators."}}
[info] i  ui: Stopping Emulator UI {"metadata":{"emulator":{"name":"ui"},"message":"Stopping Emulator UI"}}
[warn] ⚠  Emulator UI has exited upon receiving signal: SIGINT 
[info] i  functions: Stopping Functions Emulator {"metadata":{"emulator":{"name":"functions"},"message":"Stopping Functions Emulator"}}
[info] i  eventarc: Stopping Eventarc Emulator {"metadata":{"emulator":{"name":"eventarc"},"message":"Stopping Eventarc Emulator"}}
[info] i  hub: Stopping emulator hub {"metadata":{"emulator":{"name":"hub"},"message":"Stopping emulator hub"}}
[info] i  logging: Stopping Logging Emulator {"metadata":{"emulator":{"name":"logging"},"message":"Stopping Logging Emulator"}}
[debug] [2023-07-11T13:15:24.427Z] ----------------------------------------------------------------------
[debug] [2023-07-11T13:15:24.428Z] Command:       /opt/homebrew/Cellar/node/20.4.0/bin/node /opt/homebrew/bin/firebase emulators:start --debug --project ludosupreme-2497f
[debug] [2023-07-11T13:15:24.429Z] CLI Version:   12.4.3
[debug] [2023-07-11T13:15:24.429Z] Platform:      darwin
[debug] [2023-07-11T13:15:24.429Z] Node Version:  v20.4.0
[debug] [2023-07-11T13:15:24.429Z] Time:          Tue Jul 11 2023 18:45:24 GMT+0530 (India Standard Time)
[debug] [2023-07-11T13:15:24.429Z] ----------------------------------------------------------------------
[debug] 
[debug] [2023-07-11T13:15:24.477Z] > command requires scopes: ["email","openid","https://www.googleapis.com/auth/cloudplatformprojects.readonly","https://www.googleapis.com/auth/firebase","https://www.googleapis.com/auth/cloud-platform"]
[debug] [2023-07-11T13:15:24.478Z] > authorizing via signed-in user (ashish.work310@gmail.com)
[info] i  emulators: Starting emulators: functions {"metadata":{"emulator":{"name":"hub"},"message":"Starting emulators: functions"}}
[debug] [2023-07-11T13:15:24.821Z] [logging] Logging Emulator only supports listening on one address (127.0.0.1). Not listening on ::1
[debug] [2023-07-11T13:15:24.822Z] assigned listening specs for emulators {"user":{"hub":[{"address":"127.0.0.1","family":"IPv4","port":4400},{"address":"::1","family":"IPv6","port":4400}],"ui":[{"address":"127.0.0.1","family":"IPv4","port":4000},{"address":"::1","family":"IPv6","port":4000}],"logging":[{"address":"127.0.0.1","family":"IPv4","port":4500}]},"metadata":{"message":"assigned listening specs for emulators"}}
[debug] [2023-07-11T13:15:24.826Z] [hub] writing locator at /var/folders/js/gs9cjwcj59d61yg5xjvd_sq40000gn/T/hub-ludosupreme-2497f.json
[debug] [2023-07-11T13:15:25.055Z] [functions] Functions Emulator only supports listening on one address (127.0.0.1). Not listening on ::1
[debug] [2023-07-11T13:15:25.055Z] [eventarc] Eventarc Emulator only supports listening on one address (127.0.0.1). Not listening on ::1
[debug] [2023-07-11T13:15:25.055Z] late-assigned ports for functions and eventarc emulators {"user":{"hub":[{"address":"127.0.0.1","family":"IPv4","port":4400},{"address":"::1","family":"IPv6","port":4400}],"ui":[{"address":"127.0.0.1","family":"IPv4","port":4000},{"address":"::1","family":"IPv6","port":4000}],"logging":[{"address":"127.0.0.1","family":"IPv4","port":4500}],"functions":[{"address":"127.0.0.1","family":"IPv4","port":5001}],"eventarc":[{"address":"127.0.0.1","family":"IPv4","port":9299}]},"metadata":{"message":"late-assigned ports for functions and eventarc emulators"}}
[warn] ⚠  functions: The following emulators are not running, calls to these services from the Functions emulator will affect production: auth, firestore, database, hosting, pubsub, storage {"metadata":{"emulator":{"name":"functions"},"message":"The following emulators are not running, calls to these services from the Functions emulator will affect production: \u001b[1mauth, firestore, database, hosting, pubsub, storage\u001b[22m"}}
[debug] [2023-07-11T13:15:25.057Z] defaultcredentials: writing to file /Users/ashishgupta/.config/firebase/ashish_work310_gmail.com_application_default_credentials.json
[debug] [2023-07-11T13:15:25.058Z] Setting GAC to /Users/ashishgupta/.config/firebase/ashish_work310_gmail.com_application_default_credentials.json {"metadata":{"emulator":{"name":"functions"},"message":"Setting GAC to /Users/ashishgupta/.config/firebase/ashish_work310_gmail.com_application_default_credentials.json"}}
[debug] [2023-07-11T13:15:25.059Z] >>> [apiv2][query] GET https://firebase.googleapis.com/v1beta1/projects/ludosupreme-2497f/adminSdkConfig [none]
[debug] [2023-07-11T13:15:25.522Z] <<< [apiv2][status] GET https://firebase.googleapis.com/v1beta1/projects/ludosupreme-2497f/adminSdkConfig 200
[debug] [2023-07-11T13:15:25.522Z] <<< [apiv2][body] GET https://firebase.googleapis.com/v1beta1/projects/ludosupreme-2497f/adminSdkConfig {"projectId":"ludosupreme-2497f","databaseURL":"https://ludosupreme-2497f-default-rtdb.firebaseio.com","storageBucket":"ludosupreme-2497f.appspot.com"}
[debug] [2023-07-11T13:15:25.544Z] Ignoring unsupported arg: auto_download {"metadata":{"emulator":{"name":"ui"},"message":"Ignoring unsupported arg: auto_download"}}
[debug] [2023-07-11T13:15:25.544Z] Ignoring unsupported arg: port {"metadata":{"emulator":{"name":"ui"},"message":"Ignoring unsupported arg: port"}}
[debug] [2023-07-11T13:15:25.544Z] Starting Emulator UI with command {"binary":"node","args":["/Users/ashishgupta/.cache/firebase/emulators/ui-v1.11.7/server/server.js"],"optionalArgs":[],"joinArgs":false} {"metadata":{"emulator":{"name":"ui"},"message":"Starting Emulator UI with command {\"binary\":\"node\",\"args\":[\"/Users/ashishgupta/.cache/firebase/emulators/ui-v1.11.7/server/server.js\"],\"optionalArgs\":[],\"joinArgs\":false}"}}
[info] i  ui: Emulator UI logging to ui-debug.log {"metadata":{"emulator":{"name":"ui"},"message":"Emulator UI logging to \u001b[1mui-debug.log\u001b[22m"}}
[debug] [2023-07-11T13:15:25.623Z] Web / API server started at 127.0.0.1:4000
 {"metadata":{"emulator":{"name":"ui"},"message":"Web / API server started at 127.0.0.1:4000\n"}}
[debug] [2023-07-11T13:15:25.623Z] Web / API server started at ::1:4000
 {"metadata":{"emulator":{"name":"ui"},"message":"Web / API server started at ::1:4000\n"}}
[info] i  functions: Watching "/Users/ashishgupta/Documents/workspace/react/react-native/firebase-func-ludo-supreme/functions" for Cloud Functions... {"metadata":{"emulator":{"name":"functions"},"message":"Watching \"/Users/ashishgupta/Documents/workspace/react/react-native/firebase-func-ludo-supreme/functions\" for Cloud Functions..."}}
[debug] [2023-07-11T13:15:25.808Z] Validating nodejs source
[debug] [2023-07-11T13:15:27.294Z] > [functions] package.json contents: {
  "name": "functions",
  "description": "Cloud Functions for Firebase",
  "scripts": {
    "lint": "eslint .",
    "serve": "firebase emulators:start --only functions",
    "shell": "firebase functions:shell",
    "start": "npm run shell",
    "deploy": "firebase deploy --only functions",
    "logs": "firebase functions:log"
  },
  "engines": {
    "node": "18"
  },
  "main": "index.js",
  "dependencies": {
    "firebase-admin": "^11.8.0",
    "firebase-functions": "^4.3.1"
  },
  "devDependencies": {
    "eslint": "^8.15.0",
    "eslint-config-google": "^0.14.0",
    "firebase-functions-test": "^3.1.0"
  },
  "private": true
}
[debug] [2023-07-11T13:15:27.295Z] Building nodejs source
[debug] [2023-07-11T13:15:27.295Z] Failed to find version of module node: reached end of search path /Users/ashishgupta/Documents/workspace/react/react-native/firebase-func-ludo-supreme/functions/node_modules
[warn] ⚠  functions: Your requested "node" version "18" doesn't match your global version "20". Using node@20 from host. 
[debug] [2023-07-11T13:15:27.297Z] Could not find functions.yaml. Must use http discovery
[debug] [2023-07-11T13:15:27.301Z] Found firebase-functions binary at '/Users/ashishgupta/Documents/workspace/react/react-native/firebase-func-ludo-supreme/functions/node_modules/.bin/firebase-functions'
[info] Serving at port 8410

[debug] [2023-07-11T13:15:27.885Z] Got response from /__/functions.yaml {"endpoints":{"createWaitingRoom":{"platform":"gcfv1","availableMemoryMb":null,"timeoutSeconds":null,"minInstances":null,"maxInstances":null,"ingressSettings":null,"serviceAccountEmail":null,"vpc":null,"eventTrigger":{"eventType":"providers/google.firebase.database/eventTypes/ref.write","eventFilters":{"resource":"projects/_/instances/ludosupreme-2497f-default-rtdb/refs/loggedInUsers"},"retry":false},"labels":{},"entryPoint":"createWaitingRoom"}},"specVersion":"v1alpha1","requiredAPIs":[]}
[info] shutdown requested via /__/quitquitquit

[info] ✔  functions: Loaded functions definitions from source: createWaitingRoom. {"metadata":{"emulator":{"name":"functions"},"message":"Loaded functions definitions from source: createWaitingRoom."}}
[info] i  functions[us-central1-createWaitingRoom]: function ignored because the database emulator does not exist or is not running. {"metadata":{"emulator":{"name":"functions"},"message":"function ignored because the database emulator does not exist or is not running."}}
[info] 
┌─────────────────────────────────────────────────────────────┐
│ ✔  All emulators ready! It is now safe to connect your app. │
│ i  View Emulator UI at http://127.0.0.1:4000/               │
└─────────────────────────────────────────────────────────────┘

┌───────────┬────────────────┬─────────────────────────────────┐
│ Emulator  │ Host:Port      │ View in Emulator UI             │
├───────────┼────────────────┼─────────────────────────────────┤
│ Functions │ 127.0.0.1:5001 │ http://127.0.0.1:4000/functions │
└───────────┴────────────────┴─────────────────────────────────┘
  Emulator Hub running at 127.0.0.1:4400
  Other reserved ports: 4500

Issues? Report them at https://github.com/firebase/firebase-tools/issues and attach the *-debug.log files.
 
[debug] [2023-07-11T13:15:31.353Z] Received signal SIGINT (Ctrl-C) 1
[info]  
[info] i  emulators: Received SIGINT (Ctrl-C) for the first time. Starting a clean shutdown. 
[info] i  emulators: Please wait for a clean shutdown or send the SIGINT (Ctrl-C) signal again to stop right now. 
[info] i  emulators: Shutting down emulators. {"metadata":{"emulator":{"name":"hub"},"message":"Shutting down emulators."}}
[info] i  ui: Stopping Emulator UI {"metadata":{"emulator":{"name":"ui"},"message":"Stopping Emulator UI"}}
[warn] ⚠  Emulator UI has exited upon receiving signal: SIGINT 
[info] i  functions: Stopping Functions Emulator {"metadata":{"emulator":{"name":"functions"},"message":"Stopping Functions Emulator"}}
[info] i  eventarc: Stopping Eventarc Emulator {"metadata":{"emulator":{"name":"eventarc"},"message":"Stopping Eventarc Emulator"}}
[info] i  hub: Stopping emulator hub {"metadata":{"emulator":{"name":"hub"},"message":"Stopping emulator hub"}}
[info] i  logging: Stopping Logging Emulator {"metadata":{"emulator":{"name":"logging"},"message":"Stopping Logging Emulator"}}
