[debug] [2023-07-11T08:41:09.012Z] ----------------------------------------------------------------------
[debug] [2023-07-11T08:41:09.014Z] Command:       /opt/homebrew/Cellar/node/20.4.0/bin/node /opt/homebrew/bin/firebase emulators:start --debug
[debug] [2023-07-11T08:41:09.014Z] CLI Version:   12.4.3
[debug] [2023-07-11T08:41:09.014Z] Platform:      darwin
[debug] [2023-07-11T08:41:09.014Z] Node Version:  v20.4.0
[debug] [2023-07-11T08:41:09.014Z] Time:          Tue Jul 11 2023 14:11:09 GMT+0530 (India Standard Time)
[debug] [2023-07-11T08:41:09.014Z] ----------------------------------------------------------------------
[debug] 
[debug] [2023-07-11T08:41:09.064Z] > command requires scopes: ["email","openid","https://www.googleapis.com/auth/cloudplatformprojects.readonly","https://www.googleapis.com/auth/firebase","https://www.googleapis.com/auth/cloud-platform"]
[debug] [2023-07-11T08:41:09.065Z] > authorizing via signed-in user (ashish.work310@gmail.com)
[info] i  emulators: Starting emulators: functions {"metadata":{"emulator":{"name":"hub"},"message":"Starting emulators: functions"}}
[debug] [2023-07-11T08:41:09.412Z] [logging] Logging Emulator only supports listening on one address (127.0.0.1). Not listening on ::1
[debug] [2023-07-11T08:41:09.412Z] assigned listening specs for emulators {"user":{"hub":[{"address":"127.0.0.1","family":"IPv4","port":4400},{"address":"::1","family":"IPv6","port":4400}],"ui":[{"address":"127.0.0.1","family":"IPv4","port":4000},{"address":"::1","family":"IPv6","port":4000}],"logging":[{"address":"127.0.0.1","family":"IPv4","port":4500}]},"metadata":{"message":"assigned listening specs for emulators"}}
[debug] [2023-07-11T08:41:09.416Z] [hub] writing locator at /var/folders/js/gs9cjwcj59d61yg5xjvd_sq40000gn/T/hub-ludosupreme-2497f.json
[debug] [2023-07-11T08:41:09.647Z] [functions] Functions Emulator only supports listening on one address (127.0.0.1). Not listening on ::1
[debug] [2023-07-11T08:41:09.647Z] [eventarc] Eventarc Emulator only supports listening on one address (127.0.0.1). Not listening on ::1
[debug] [2023-07-11T08:41:09.647Z] late-assigned ports for functions and eventarc emulators {"user":{"hub":[{"address":"127.0.0.1","family":"IPv4","port":4400},{"address":"::1","family":"IPv6","port":4400}],"ui":[{"address":"127.0.0.1","family":"IPv4","port":4000},{"address":"::1","family":"IPv6","port":4000}],"logging":[{"address":"127.0.0.1","family":"IPv4","port":4500}],"functions":[{"address":"127.0.0.1","family":"IPv4","port":5001}],"eventarc":[{"address":"127.0.0.1","family":"IPv4","port":9299}]},"metadata":{"message":"late-assigned ports for functions and eventarc emulators"}}
[warn] ⚠  functions: The following emulators are not running, calls to these services from the Functions emulator will affect production: auth, firestore, database, hosting, pubsub, storage {"metadata":{"emulator":{"name":"functions"},"message":"The following emulators are not running, calls to these services from the Functions emulator will affect production: \u001b[1mauth, firestore, database, hosting, pubsub, storage\u001b[22m"}}
[debug] [2023-07-11T08:41:09.649Z] defaultcredentials: writing to file /Users/ashishgupta/.config/firebase/ashish_work310_gmail.com_application_default_credentials.json
[debug] [2023-07-11T08:41:09.650Z] Setting GAC to /Users/ashishgupta/.config/firebase/ashish_work310_gmail.com_application_default_credentials.json {"metadata":{"emulator":{"name":"functions"},"message":"Setting GAC to /Users/ashishgupta/.config/firebase/ashish_work310_gmail.com_application_default_credentials.json"}}
[debug] [2023-07-11T08:41:09.651Z] >>> [apiv2][query] GET https://firebase.googleapis.com/v1beta1/projects/ludosupreme-2497f/adminSdkConfig [none]
[debug] [2023-07-11T08:41:10.296Z] <<< [apiv2][status] GET https://firebase.googleapis.com/v1beta1/projects/ludosupreme-2497f/adminSdkConfig 200
[debug] [2023-07-11T08:41:10.296Z] <<< [apiv2][body] GET https://firebase.googleapis.com/v1beta1/projects/ludosupreme-2497f/adminSdkConfig {"projectId":"ludosupreme-2497f","databaseURL":"https://ludosupreme-2497f-default-rtdb.firebaseio.com","storageBucket":"ludosupreme-2497f.appspot.com"}
[debug] [2023-07-11T08:41:10.314Z] Ignoring unsupported arg: auto_download {"metadata":{"emulator":{"name":"ui"},"message":"Ignoring unsupported arg: auto_download"}}
[debug] [2023-07-11T08:41:10.314Z] Ignoring unsupported arg: port {"metadata":{"emulator":{"name":"ui"},"message":"Ignoring unsupported arg: port"}}
[debug] [2023-07-11T08:41:10.314Z] Starting Emulator UI with command {"binary":"node","args":["/Users/ashishgupta/.cache/firebase/emulators/ui-v1.11.7/server/server.js"],"optionalArgs":[],"joinArgs":false} {"metadata":{"emulator":{"name":"ui"},"message":"Starting Emulator UI with command {\"binary\":\"node\",\"args\":[\"/Users/ashishgupta/.cache/firebase/emulators/ui-v1.11.7/server/server.js\"],\"optionalArgs\":[],\"joinArgs\":false}"}}
[info] i  ui: Emulator UI logging to ui-debug.log {"metadata":{"emulator":{"name":"ui"},"message":"Emulator UI logging to \u001b[1mui-debug.log\u001b[22m"}}
[debug] [2023-07-11T08:41:10.386Z] Web / API server started at 127.0.0.1:4000
 {"metadata":{"emulator":{"name":"ui"},"message":"Web / API server started at 127.0.0.1:4000\n"}}
[debug] [2023-07-11T08:41:10.386Z] Web / API server started at ::1:4000
 {"metadata":{"emulator":{"name":"ui"},"message":"Web / API server started at ::1:4000\n"}}
[info] i  functions: Watching "/Users/ashishgupta/Documents/workspace/react/react-native/functions" for Cloud Functions... {"metadata":{"emulator":{"name":"functions"},"message":"Watching \"/Users/ashishgupta/Documents/workspace/react/react-native/functions\" for Cloud Functions..."}}
[debug] [2023-07-11T08:41:10.576Z] Validating nodejs source
[debug] [2023-07-11T08:41:11.040Z] > [functions] package.json contents: {
  "name": "functions",
  "description": "Cloud Functions for Firebase",
  "scripts": {
    "lint": "eslint .",
    "serve": "firebase emulators:start --only functions",
    "shell": "firebase functions:shell",
    "start": "npm run shell",
    "deploy": "firebase deploy --only functions",
    "logs": "firebase functions:log"
  },
  "engines": {
    "node": "18"
  },
  "main": "index.js",
  "dependencies": {
    "firebase-admin": "^11.8.0",
    "firebase-functions": "^4.3.1"
  },
  "devDependencies": {
    "eslint": "^8.15.0",
    "eslint-config-google": "^0.14.0",
    "firebase-functions-test": "^3.1.0"
  },
  "private": true
}
[debug] [2023-07-11T08:41:11.040Z] Building nodejs source
[debug] [2023-07-11T08:41:11.041Z] Failed to find version of module node: reached end of search path /Users/ashishgupta/Documents/workspace/react/react-native/functions/node_modules
[warn] ⚠  functions: Your requested "node" version "18" doesn't match your global version "20". Using node@20 from host. 
[debug] [2023-07-11T08:41:11.043Z] Could not find functions.yaml. Must use http discovery
[debug] [2023-07-11T08:41:11.047Z] Found firebase-functions binary at '/Users/ashishgupta/Documents/workspace/react/react-native/functions/node_modules/.bin/firebase-functions'
[info] Serving at port 8769

[debug] [2023-07-11T08:41:11.715Z] Got response from /__/functions.yaml {"endpoints":{"createWaitingRoom":{"platform":"gcfv1","availableMemoryMb":null,"timeoutSeconds":null,"minInstances":null,"maxInstances":null,"ingressSettings":null,"serviceAccountEmail":null,"vpc":null,"eventTrigger":{"eventType":"providers/google.firebase.database/eventTypes/ref.write","eventFilters":{"resource":"projects/_/instances/ludosupreme-2497f-default-rtdb/refs/loggedInUsers"},"retry":false},"labels":{},"entryPoint":"createWaitingRoom"}},"specVersion":"v1alpha1","requiredAPIs":[]}
[info] shutdown requested via /__/quitquitquit

[info] ✔  functions: Loaded functions definitions from source: createWaitingRoom. {"metadata":{"emulator":{"name":"functions"},"message":"Loaded functions definitions from source: createWaitingRoom."}}
[info] i  functions[us-central1-createWaitingRoom]: function ignored because the database emulator does not exist or is not running. {"metadata":{"emulator":{"name":"functions"},"message":"function ignored because the database emulator does not exist or is not running."}}
[info] 
┌─────────────────────────────────────────────────────────────┐
│ ✔  All emulators ready! It is now safe to connect your app. │
│ i  View Emulator UI at http://127.0.0.1:4000/               │
└─────────────────────────────────────────────────────────────┘

┌───────────┬────────────────┬─────────────────────────────────┐
│ Emulator  │ Host:Port      │ View in Emulator UI             │
├───────────┼────────────────┼─────────────────────────────────┤
│ Functions │ 127.0.0.1:5001 │ http://127.0.0.1:4000/functions │
└───────────┴────────────────┴─────────────────────────────────┘
  Emulator Hub running at 127.0.0.1:4400
  Other reserved ports: 4500

Issues? Report them at https://github.com/firebase/firebase-tools/issues and attach the *-debug.log files.
 
[debug] [2023-07-11T08:44:25.008Z] Received signal SIGINT (Ctrl-C) 1
[info]  
[info] i  emulators: Received SIGINT (Ctrl-C) for the first time. Starting a clean shutdown. 
[info] i  emulators: Please wait for a clean shutdown or send the SIGINT (Ctrl-C) signal again to stop right now. 
[info] i  emulators: Shutting down emulators. {"metadata":{"emulator":{"name":"hub"},"message":"Shutting down emulators."}}
[info] i  ui: Stopping Emulator UI {"metadata":{"emulator":{"name":"ui"},"message":"Stopping Emulator UI"}}
[warn] ⚠  Emulator UI has exited upon receiving signal: SIGINT 
[info] i  functions: Stopping Functions Emulator {"metadata":{"emulator":{"name":"functions"},"message":"Stopping Functions Emulator"}}
[info] i  eventarc: Stopping Eventarc Emulator {"metadata":{"emulator":{"name":"eventarc"},"message":"Stopping Eventarc Emulator"}}
[info] i  hub: Stopping emulator hub {"metadata":{"emulator":{"name":"hub"},"message":"Stopping emulator hub"}}
[info] i  logging: Stopping Logging Emulator {"metadata":{"emulator":{"name":"logging"},"message":"Stopping Logging Emulator"}}
[debug] [2023-07-11T08:45:34.010Z] ----------------------------------------------------------------------
[debug] [2023-07-11T08:45:34.011Z] Command:       /opt/homebrew/Cellar/node/20.4.0/bin/node /opt/homebrew/bin/firebase emulators:start --debug
[debug] [2023-07-11T08:45:34.012Z] CLI Version:   12.4.3
[debug] [2023-07-11T08:45:34.012Z] Platform:      darwin
[debug] [2023-07-11T08:45:34.012Z] Node Version:  v20.4.0
[debug] [2023-07-11T08:45:34.012Z] Time:          Tue Jul 11 2023 14:15:34 GMT+0530 (India Standard Time)
[debug] [2023-07-11T08:45:34.012Z] ----------------------------------------------------------------------
[debug] 
[debug] [2023-07-11T08:45:34.063Z] > command requires scopes: ["email","openid","https://www.googleapis.com/auth/cloudplatformprojects.readonly","https://www.googleapis.com/auth/firebase","https://www.googleapis.com/auth/cloud-platform"]
[debug] [2023-07-11T08:45:34.064Z] > authorizing via signed-in user (ashish.work310@gmail.com)
[info] i  emulators: Starting emulators: functions {"metadata":{"emulator":{"name":"hub"},"message":"Starting emulators: functions"}}
[debug] [2023-07-11T08:45:34.399Z] [logging] Logging Emulator only supports listening on one address (127.0.0.1). Not listening on ::1
[debug] [2023-07-11T08:45:34.399Z] assigned listening specs for emulators {"user":{"hub":[{"address":"127.0.0.1","family":"IPv4","port":4400},{"address":"::1","family":"IPv6","port":4400}],"ui":[{"address":"127.0.0.1","family":"IPv4","port":4000},{"address":"::1","family":"IPv6","port":4000}],"logging":[{"address":"127.0.0.1","family":"IPv4","port":4500}]},"metadata":{"message":"assigned listening specs for emulators"}}
[debug] [2023-07-11T08:45:34.404Z] [hub] writing locator at /var/folders/js/gs9cjwcj59d61yg5xjvd_sq40000gn/T/hub-ludosupreme-2497f.json
[debug] [2023-07-11T08:45:34.626Z] [functions] Functions Emulator only supports listening on one address (127.0.0.1). Not listening on ::1
[debug] [2023-07-11T08:45:34.626Z] [eventarc] Eventarc Emulator only supports listening on one address (127.0.0.1). Not listening on ::1
[debug] [2023-07-11T08:45:34.626Z] late-assigned ports for functions and eventarc emulators {"user":{"hub":[{"address":"127.0.0.1","family":"IPv4","port":4400},{"address":"::1","family":"IPv6","port":4400}],"ui":[{"address":"127.0.0.1","family":"IPv4","port":4000},{"address":"::1","family":"IPv6","port":4000}],"logging":[{"address":"127.0.0.1","family":"IPv4","port":4500}],"functions":[{"address":"127.0.0.1","family":"IPv4","port":5001}],"eventarc":[{"address":"127.0.0.1","family":"IPv4","port":9299}]},"metadata":{"message":"late-assigned ports for functions and eventarc emulators"}}
[warn] ⚠  functions: The following emulators are not running, calls to these services from the Functions emulator will affect production: auth, firestore, database, hosting, pubsub, storage {"metadata":{"emulator":{"name":"functions"},"message":"The following emulators are not running, calls to these services from the Functions emulator will affect production: \u001b[1mauth, firestore, database, hosting, pubsub, storage\u001b[22m"}}
[debug] [2023-07-11T08:45:34.628Z] defaultcredentials: writing to file /Users/ashishgupta/.config/firebase/ashish_work310_gmail.com_application_default_credentials.json
[debug] [2023-07-11T08:45:34.630Z] Setting GAC to /Users/ashishgupta/.config/firebase/ashish_work310_gmail.com_application_default_credentials.json {"metadata":{"emulator":{"name":"functions"},"message":"Setting GAC to /Users/ashishgupta/.config/firebase/ashish_work310_gmail.com_application_default_credentials.json"}}
[debug] [2023-07-11T08:45:34.631Z] >>> [apiv2][query] GET https://firebase.googleapis.com/v1beta1/projects/ludosupreme-2497f/adminSdkConfig [none]
[debug] [2023-07-11T08:45:35.156Z] <<< [apiv2][status] GET https://firebase.googleapis.com/v1beta1/projects/ludosupreme-2497f/adminSdkConfig 200
[debug] [2023-07-11T08:45:35.156Z] <<< [apiv2][body] GET https://firebase.googleapis.com/v1beta1/projects/ludosupreme-2497f/adminSdkConfig {"projectId":"ludosupreme-2497f","databaseURL":"https://ludosupreme-2497f-default-rtdb.firebaseio.com","storageBucket":"ludosupreme-2497f.appspot.com"}
[debug] [2023-07-11T08:45:35.177Z] Ignoring unsupported arg: auto_download {"metadata":{"emulator":{"name":"ui"},"message":"Ignoring unsupported arg: auto_download"}}
[debug] [2023-07-11T08:45:35.177Z] Ignoring unsupported arg: port {"metadata":{"emulator":{"name":"ui"},"message":"Ignoring unsupported arg: port"}}
[debug] [2023-07-11T08:45:35.177Z] Starting Emulator UI with command {"binary":"node","args":["/Users/ashishgupta/.cache/firebase/emulators/ui-v1.11.7/server/server.js"],"optionalArgs":[],"joinArgs":false} {"metadata":{"emulator":{"name":"ui"},"message":"Starting Emulator UI with command {\"binary\":\"node\",\"args\":[\"/Users/ashishgupta/.cache/firebase/emulators/ui-v1.11.7/server/server.js\"],\"optionalArgs\":[],\"joinArgs\":false}"}}
[info] i  ui: Emulator UI logging to ui-debug.log {"metadata":{"emulator":{"name":"ui"},"message":"Emulator UI logging to \u001b[1mui-debug.log\u001b[22m"}}
[debug] [2023-07-11T08:45:35.259Z] Web / API server started at 127.0.0.1:4000
 {"metadata":{"emulator":{"name":"ui"},"message":"Web / API server started at 127.0.0.1:4000\n"}}
[debug] [2023-07-11T08:45:35.259Z] Web / API server started at ::1:4000
 {"metadata":{"emulator":{"name":"ui"},"message":"Web / API server started at ::1:4000\n"}}
[info] i  functions: Watching "/Users/ashishgupta/Documents/workspace/react/react-native/functions" for Cloud Functions... {"metadata":{"emulator":{"name":"functions"},"message":"Watching \"/Users/ashishgupta/Documents/workspace/react/react-native/functions\" for Cloud Functions..."}}
[debug] [2023-07-11T08:45:35.438Z] Validating nodejs source
[debug] [2023-07-11T08:45:35.783Z] > [functions] package.json contents: {
  "name": "functions",
  "description": "Cloud Functions for Firebase",
  "scripts": {
    "lint": "eslint .",
    "serve": "firebase emulators:start --only functions",
    "shell": "firebase functions:shell",
    "start": "npm run shell",
    "deploy": "firebase deploy --only functions",
    "logs": "firebase functions:log"
  },
  "engines": {
    "node": "18"
  },
  "main": "index.js",
  "dependencies": {
    "firebase-admin": "^11.8.0",
    "firebase-functions": "^4.3.1"
  },
  "devDependencies": {
    "eslint": "^8.15.0",
    "eslint-config-google": "^0.14.0",
    "firebase-functions-test": "^3.1.0"
  },
  "private": true
}
[debug] [2023-07-11T08:45:35.783Z] Building nodejs source
[debug] [2023-07-11T08:45:35.783Z] Failed to find version of module node: reached end of search path /Users/ashishgupta/Documents/workspace/react/react-native/functions/node_modules
[warn] ⚠  functions: Your requested "node" version "18" doesn't match your global version "20". Using node@20 from host. 
[debug] [2023-07-11T08:45:35.784Z] Could not find functions.yaml. Must use http discovery
[debug] [2023-07-11T08:45:35.787Z] Found firebase-functions binary at '/Users/ashishgupta/Documents/workspace/react/react-native/functions/node_modules/.bin/firebase-functions'
[info] Serving at port 8444

[debug] [2023-07-11T08:45:36.017Z] Got response from /__/functions.yaml {"endpoints":{"createWaitingRoom":{"platform":"gcfv1","availableMemoryMb":null,"timeoutSeconds":null,"minInstances":null,"maxInstances":null,"ingressSettings":null,"serviceAccountEmail":null,"vpc":null,"eventTrigger":{"eventType":"providers/google.firebase.database/eventTypes/ref.write","eventFilters":{"resource":"projects/_/instances/ludosupreme-2497f-default-rtdb/refs/loggedInUsers"},"retry":false},"labels":{},"entryPoint":"createWaitingRoom"}},"specVersion":"v1alpha1","requiredAPIs":[]}
[info] shutdown requested via /__/quitquitquit

[info] ✔  functions: Loaded functions definitions from source: createWaitingRoom. {"metadata":{"emulator":{"name":"functions"},"message":"Loaded functions definitions from source: createWaitingRoom."}}
[info] i  functions[us-central1-createWaitingRoom]: function ignored because the database emulator does not exist or is not running. {"metadata":{"emulator":{"name":"functions"},"message":"function ignored because the database emulator does not exist or is not running."}}
[info] 
┌─────────────────────────────────────────────────────────────┐
│ ✔  All emulators ready! It is now safe to connect your app. │
│ i  View Emulator UI at http://127.0.0.1:4000/               │
└─────────────────────────────────────────────────────────────┘

┌───────────┬────────────────┬─────────────────────────────────┐
│ Emulator  │ Host:Port      │ View in Emulator UI             │
├───────────┼────────────────┼─────────────────────────────────┤
│ Functions │ 127.0.0.1:5001 │ http://127.0.0.1:4000/functions │
└───────────┴────────────────┴─────────────────────────────────┘
  Emulator Hub running at 127.0.0.1:4400
  Other reserved ports: 4500

Issues? Report them at https://github.com/firebase/firebase-tools/issues and attach the *-debug.log files.
 
[debug] [2023-07-11T08:45:45.964Z] Received signal SIGINT (Ctrl-C) 1
[info]  
[info] i  emulators: Received SIGINT (Ctrl-C) for the first time. Starting a clean shutdown. 
[info] i  emulators: Please wait for a clean shutdown or send the SIGINT (Ctrl-C) signal again to stop right now. 
[info] i  emulators: Shutting down emulators. {"metadata":{"emulator":{"name":"hub"},"message":"Shutting down emulators."}}
[info] i  ui: Stopping Emulator UI {"metadata":{"emulator":{"name":"ui"},"message":"Stopping Emulator UI"}}
[warn] ⚠  Emulator UI has exited upon receiving signal: SIGINT 
[info] i  functions: Stopping Functions Emulator {"metadata":{"emulator":{"name":"functions"},"message":"Stopping Functions Emulator"}}
[info] i  eventarc: Stopping Eventarc Emulator {"metadata":{"emulator":{"name":"eventarc"},"message":"Stopping Eventarc Emulator"}}
[info] i  hub: Stopping emulator hub {"metadata":{"emulator":{"name":"hub"},"message":"Stopping emulator hub"}}
[info] i  logging: Stopping Logging Emulator {"metadata":{"emulator":{"name":"logging"},"message":"Stopping Logging Emulator"}}
